{
  "RSpec": {
    "coverage": {
      "/Users/MOOKBOOK13/Documents/3 General Assembly WDI/w7/d2/rspec/config/environment.rb": [
        null,
        1,
        null,
        null,
        1
      ],
      "/Users/MOOKBOOK13/Documents/3 General Assembly WDI/w7/d2/rspec/config/application.rb": [
        1,
        null,
        null,
        1,
        1,
        1,
        1,
        1,
        null,
        null,
        1,
        null,
        1,
        null,
        null,
        null,
        null,
        1,
        1,
        null,
        null,
        null,
        null,
        null,
        null,
        null,
        null,
        null,
        null,
        null,
        null,
        null,
        null,
        null,
        null,
        null,
        null,
        null,
        null,
        null,
        null,
        null,
        1,
        null,
        null,
        1,
        null,
        null,
        1,
        null,
        null,
        null,
        null,
        null,
        null,
        null,
        null,
        null,
        null,
        1,
        null,
        null,
        1,
        null,
        null,
        1,
        null,
        null
      ],
      "/Users/MOOKBOOK13/Documents/3 General Assembly WDI/w7/d2/rspec/config/boot.rb": [
        1,
        null,
        null,
        1,
        null,
        1
      ],
      "/Users/MOOKBOOK13/Documents/3 General Assembly WDI/w7/d2/rspec/config/environments/test.rb": [
        1,
        null,
        null,
        null,
        null,
        null,
        null,
        1,
        null,
        null,
        1,
        1,
        null,
        null,
        1,
        null,
        null,
        1,
        1,
        null,
        null,
        1,
        null,
        null,
        1,
        null,
        null,
        null,
        null,
        1,
        null,
        null,
        1,
        null,
        null,
        1,
        null
      ],
      "/Users/MOOKBOOK13/Documents/3 General Assembly WDI/w7/d2/rspec/config/initializers/backtrace_silencers.rb": [
        null,
        null,
        null,
        null,
        null,
        null,
        null
      ],
      "/Users/MOOKBOOK13/Documents/3 General Assembly WDI/w7/d2/rspec/config/initializers/inflections.rb": [
        null,
        null,
        null,
        null,
        null,
        null,
        null,
        null,
        null,
        null,
        null,
        null,
        null,
        null,
        null
      ],
      "/Users/MOOKBOOK13/Documents/3 General Assembly WDI/w7/d2/rspec/config/initializers/mime_types.rb": [
        null,
        null,
        null,
        null,
        null
      ],
      "/Users/MOOKBOOK13/Documents/3 General Assembly WDI/w7/d2/rspec/config/initializers/secret_token.rb": [
        null,
        null,
        null,
        null,
        null,
        null,
        1
      ],
      "/Users/MOOKBOOK13/Documents/3 General Assembly WDI/w7/d2/rspec/config/initializers/session_store.rb": [
        null,
        null,
        1,
        null,
        null,
        null,
        null,
        null
      ],
      "/Users/MOOKBOOK13/Documents/3 General Assembly WDI/w7/d2/rspec/config/initializers/wrap_parameters.rb": [
        null,
        null,
        null,
        null,
        null,
        null,
        1,
        1,
        null,
        null,
        null,
        1,
        1,
        null
      ],
      "/Users/MOOKBOOK13/Documents/3 General Assembly WDI/w7/d2/rspec/app/controllers/application_controller.rb": [
        1,
        1,
        null
      ],
      "/Users/MOOKBOOK13/Documents/3 General Assembly WDI/w7/d2/rspec/app/helpers/application_helper.rb": [
        1,
        null
      ],
      "/Users/MOOKBOOK13/Documents/3 General Assembly WDI/w7/d2/rspec/app/helpers/fruits_helper.rb": [
        1,
        null
      ],
      "/Users/MOOKBOOK13/Documents/3 General Assembly WDI/w7/d2/rspec/app/controllers/fruits_controller.rb": [
        1,
        1,
        7,
        7,
        7,
        11,
        null,
        null,
        null,
        1,
        6,
        6,
        3,
        null,
        3,
        null,
        null,
        null,
        1,
        0,
        0,
        null,
        null,
        1,
        0,
        0,
        0,
        null,
        null,
        null,
        null,
        null
      ],
      "/Users/MOOKBOOK13/Documents/3 General Assembly WDI/w7/d2/rspec/app/models/fruit.rb": [
        null,
        null,
        null,
        null,
        null,
        null,
        null,
        null,
        null,
        null,
        null,
        1,
        1,
        1,
        null,
        1,
        null,
        1,
        3,
        null,
        null,
        1,
        1,
        null,
        null,
        1,
        1,
        null,
        null,
        null
      ],
      "/Users/MOOKBOOK13/Documents/3 General Assembly WDI/w7/d2/rspec/app/models/apple.rb": [
        null,
        null,
        null,
        null,
        null,
        null,
        null,
        null,
        null,
        null,
        null,
        1,
        1,
        3,
        null,
        null
      ],
      "/Users/MOOKBOOK13/Documents/3 General Assembly WDI/w7/d2/rspec/app/models/pear.rb": [
        null,
        null,
        null,
        null,
        null,
        null,
        null,
        null,
        null,
        null,
        null,
        1,
        null
      ],
      "/Users/MOOKBOOK13/Documents/3 General Assembly WDI/w7/d2/rspec/app/models/stair.rb": [
        1,
        null,
        1,
        null,
        null,
        null
      ],
      "/Users/MOOKBOOK13/Documents/3 General Assembly WDI/w7/d2/rspec/config/routes.rb": [
        1,
        1,
        null
      ],
      "/Users/MOOKBOOK13/Documents/3 General Assembly WDI/w7/d2/rspec/spec/helpers/fruits_helper_spec.rb": [
        1,
        null,
        null,
        null,
        null,
        null,
        null,
        null,
        null,
        null,
        null,
        null,
        1,
        1,
        null
      ],
      "/Users/MOOKBOOK13/Documents/3 General Assembly WDI/w7/d2/rspec/spec/models/fruit_spec.rb": [
        null,
        null,
        null,
        null,
        null,
        null,
        null,
        null,
        null,
        null,
        null,
        1,
        null,
        1,
        null,
        2,
        null,
        1,
        1,
        1,
        null,
        null,
        1,
        1,
        1,
        null,
        null,
        1,
        1,
        2,
        null,
        null,
        1,
        1,
        1,
        1,
        null,
        null,
        1,
        1,
        1,
        1,
        1,
        null,
        1,
        1,
        null,
        null,
        1,
        1,
        null,
        null,
        1,
        1,
        null,
        null,
        null,
        1,
        1,
        2,
        null,
        null,
        1,
        1,
        1,
        1,
        null,
        null,
        1,
        1,
        1,
        1,
        1,
        null,
        1,
        1,
        null,
        null,
        1,
        1,
        null,
        null,
        1,
        1,
        null,
        null,
        null
      ],
      "/Users/MOOKBOOK13/Documents/3 General Assembly WDI/w7/d2/rspec/spec/models/stair_spec.rb": [
        1,
        null,
        1,
        2,
        null
      ]
    },
    "timestamp": 1375274367
  }
}
